<?xml version="1.0" encoding="UTF-8"?>
<testsuite name="kr.or.shammah.d9.MyTest" tests="1" skipped="0" failures="0" errors="0" timestamp="2024-11-18T06:13:34" hostname="Daniels-MacBook-Pro.local" time="0.027">
  <properties/>
  <testcase name="squaerTest()" classname="kr.or.shammah.d9.MyTest" time="0.027"/>
  <system-out><![CDATA[]]></system-out>
  <system-err><![CDATA[]]></system-err>
</testsuite>
