<?xml version="1.0" encoding="UTF-8"?>
<testsuite name="kr.or.shammah.d9.MyMapTest" tests="1" skipped="0" failures="0" errors="0" timestamp="2024-11-29T08:30:42" hostname="Daniels-MacBook-Pro.local" time="0.035">
  <properties/>
  <testcase name="getCommonElementsTest()" classname="kr.or.shammah.d9.MyMapTest" time="0.035"/>
  <system-out><![CDATA[]]></system-out>
  <system-err><![CDATA[]]></system-err>
</testsuite>
